UPDATE aurora 9f67af6e47 059ea00dc7

    current aurora HEAD caef72af57

c722010d1b 2025-01-21 mpir/init: Move GPU init after PMI5bee22e2a1 2025-01-21 romio: fix recursive CS_ENTER in MPIOI_Register_datarep
1c9e5d0c20 2025-01-21 ch4/ofi: add MPIR_CVAR_CH4_OFI_ENABLE_SHARED_AV
9f3316c58a 2025-01-22 config: Rename SAVE_LDFLAGS to WRAPPER_DEPENDENCY_LDFLAGS
6564c95fca 2025-01-17 confdb: Add hwloc link flags to wrappers for static builds
2916b87a2c 2024-10-02 test/bench: misc refactoring in macros
d127a73fda 2024-10-02 test/bench: add barrier and bcast bench test
8ee0c518e8 2024-11-03 test/bench: osu-style bcast benchmark
d637e579ca 2025-01-17 test/bench: add get_bw and put_bw
16d18096df 2024-12-06 romio: fix a potential warning
1311107d79 2023-09-05 mpi.h: define MPI-IO constants in mpi.h
7eecb9f57c 2023-08-31 binding/c: add io_api.txt
57a62d4d8d 2024-12-01 binding/c: fixup for MPI_Register_datarep
94abfde9f1 2024-12-06 binding/c: suppress warnings on missing validations
fea20c59e9 2024-12-04 binding/python: refactor gen_binding_c.py
afb96e89dd 2024-12-06 binding/python: refactor binding_c.py
2105814db0 2024-12-02 binding/fortran: fixup double listing io functions
fe2b01684d 2024-12-03 romio: skip binding sources if FROM_MPICH
1c5d90be2d 2024-12-05 Makefile: fix abi build using romio
1049ac866c 2023-09-01 binding/python: generate io bindings
014d053468 2024-12-05 binding/python: generate io abi bindings
15c0f79a18 2025-01-22 romio: warning fixes
ec176dc89e 2025-01-22 romio: daos: missing headers
aa1e42fa23 2025-01-22 shadow declaration fix
d9383d17f4 2025-01-23 python/f08: use bind C f2c/c2f functions
f9a9427fd5 2025-01-23 python/fortran: remove -no-mpiio option
6173e9ba4c 2025-01-24 binding/cxx: remove usage of HAVE_CXX_IO and HAVE_ROMIO
0561934b7d 2025-01-24 mpi.h: add ROMIO_VERSION in mpi.h.in
c0d61e08b8 2025-01-24 romio: remove unused CFLAG -DHAVE_ROMIOCONF_H
6723d57831 2025-01-24 romio: skip install mpio.h if FROM_MPICH
95d0e55eac 2025-01-24 binding/io: skip validatation for buf in split end routines
bfc69217f0 2025-01-25 test: suppress misc warning messages
4add88c95c 2025-01-26 configure: set AC macro FORTRAN_MPI_OFFSET
3f3276319a 2025-01-26 test: check --disable-romio option in mpichversion
bc8b7cb9db 2025-02-03 doc: update shortlog creation in release instructions
018f38b848 2025-02-04 binding/io: skip error checking in MPI_Register_datarep
053d58109c 2025-01-31 doc: Update version to 5.0.x
37dd1e8230 2024-12-29 mpl: add MPL_MEM_LOCAL
00ee450453 2024-12-29 mpir_mem: simplify MPIR_CHKLMEM macros
a32923df75 2024-12-30 mpir_mem: simplify MPIR_CHKPMEM macros
0660ece3b5 2025-02-04 doc: update CHANGES for MPIR_CHK[LP]MEM_ changes
78f44af06a 2025-01-21 request: always enable DEBUG_PROGRESS_START/CHECK
0c0a4781a7 2025-01-21 request: new cvar name MPIR_CVAR_PROGRESS_TIMEOUT
6e738c8be7 2025-01-21 config: add progress to --enable-g=all
f021e02b80 2025-02-05 ch4/xpmem: fix MPIR_CHKPMEM_MALLOC
76a537fb94 2025-02-05 ch3: Fix uninitialized bytes caused by MPIDI_Pkt_init
bcd34e792d 2025-02-05 ch3: Default to initialize packet headers
d998b954db 2025-01-29 yaksa: move yaksa from external submodule into mpich
335a0a71fa 2025-01-30 yaksa: rename subconfigure.m4 to subcfg.m4
f53d968b0c 2025-01-30 yaksa: remove test
f52125baed 2025-01-30 config: update configure to reflect yaksa move
e22101c826 2025-01-30 doc: update CHANGES for romio bindings and yaksa move
478c4870a2 2025-02-06 hydra: fix line-continuation in --configfile option
4caed1bcbd 2025-01-08 hydra: remove dependency on libslurm
efcce48dce 2025-02-07 configure/f08: check ignore_tkr(d)
c27fcf27e9 2025-02-07 binding/f08: apply ignore_tkr(d) when available
ae03fc5b65 2025-02-07 ch4: fix unused variable warning
e6af52fa30 2025-02-10 confdb: Add helper for creating comma-separated lists
06c520ade7 2025-02-10 configure: Expand output at end of configuration
9a926b8214 2024-12-10 test: remove unused test glpid
bb2b550324 2024-12-10 group: remove unused groupdebug.c
066ed81748 2024-12-10 group: abstract group access and lpid integer type
6fc034b4a0 2024-12-10 misc: use the new group rank/lpid conversion routines
08b7d055fb 2024-12-10 comm: use MPIR_Group_create_{map, stride)
9042933bc0 2024-12-10 group: rearange functions in group_impl.c
a834f5f347 2024-12-10 group: refactor group_impl.c to use new group interfaces
fed0a7f181 2024-12-10 group: refactor MPIR_Group
37bf8320a7 2025-02-10 group: make MPIR_Lpid int64_t
d5d81c775a 2024-12-24 group: optimize grouputil
4dea633c37 2025-01-26 romio: remove fortran-binding code in ROMIO
f36d0b67b7 2025-02-11 mpid/sched: match communicator when checking tag space
712c7e1b91 2025-02-05 dataloop: Use calloc to allocate dataloop structure
cef7aa04fe 2025-02-12 group: avoid divide by zero with empty group
c2139fe532 2025-02-12 group: remove assertion in MPIR_Group_check_subset
a358508cca 2024-12-30 ch4/iqueue: avoid Init_shm_get when localsize is 1
bfa64a02de 2024-12-30 init_shm: shortcut the trivial case of local_size is 1
7a0671f6f8 2024-12-11 mpid/ch4: remove MPIDI_NM_comm_get_gpid
f3212a8111 2024-12-11 mpid: replace usage of uint64_t lpid with MPIR_Lpid
8336b22a80 2024-12-11 group: add MPIR_Worlds
8b0807dea2 2024-12-11 group: add builtin MPIR_GROUP_{WORLD,SELF}
64c2738d28 2024-12-13 group: add MPIR_Group_dup
f4fb758c7a 2024-12-12 binding/group: remove error check in MPI_Group_free
8127c59f3d 2024-12-11 comm: always set local_group and remote_group
3ac1cb83ed 2024-12-12 group: avoid freeing MPIR_Group_empty
1d7a39ace4 2024-12-12 ch4: release init_comm->local_group
9818070abb 2024-12-12 ch4: assert group before communicator commit
b7199c8844 2025-01-12 datatype: add internal datatypes
801e649f7d 2025-01-22 configure: map from MPI to internal types and to C
fe8b1e1c10 2025-01-22 mpi.h: fix all MPI datatype constants
f0a27bdd14 2025-01-15 mpi.h: reorder MPI datatype definitions
fa074d6dd4 2025-01-22 datatype: set MPIR_Internal_types table
99a31e32ac 2025-01-19 datatype: rename type_create_pairtype.c to pairtypes.c
7768e367ee 2025-01-29 datatype: revamp pairtype creations
33ee9c6e33 2025-01-13 binding/c: swap builtin datatypes with internal types
48c44c97c6 2025-01-14 binding/c: refactor getting comm_size
44736cabbc 2025-01-14 binding/c: use MPIR_CHLMEM_MALLOC for temp arrays
c530d8d50d 2025-01-14 binding/c: swap input datatype for internal builtins
29bef464f5 2025-01-23 binding/fortran: update loading datatype constants
fb424dc1f0 2025-01-26 datatype: swap builtin types in type creation routines
2231dd654b 2025-01-31 ch3: avoid MPIR_OP_TYPE_MACRO in defining packet header
718dc6a878 2025-01-31 op: remove type_name_ from MPIR_OP_TYPE_MACRO
d6af1b21dc 2025-01-13 op: update mpir_op_util.h for macros with internal types
5d0e822204 2025-01-17 op: use internal type groups in op functions
eb986fd017 2025-01-31 datatype: use internal types in create_f90.c
7884628f69 2025-01-22 datatype: support internal types in yaksa and dataloop
f1a029533a 2025-01-30 ch3: update to use internal types
39216dfeac 2025-01-20 ch4/ofi: use fi_datatype and fi_op to index win_op_table
ad1e426cea 2025-01-20 ch4/ofi: use internal datatypes in MPIDI_OFI_datatype_to_ofi
66a4027a78 2025-01-14 all: use internal datatypes internally
08d192173e 2025-01-14 datatype: avoid access ptr of builtin datatypes
c7fc51b83c 2025-01-23 datatype: refactor MPIR_Type_match_size_impl
cbcfb69e6c 2025-01-27 misc: use original datatype in some routines
e1e90eb5fd 2025-01-29 datatype: revise get_elements_x
c6aac05c91 2025-02-13 op: disallow MPI_BYTE with op MPI_MAX or MPI_MIN
9fc56a3b32 2025-02-18 mpl/gavl: Fix typo destory->destroy
4ad63310f6 2025-02-18 mpl/gavl: Return node directly when searching
34e0c9b0b0 2025-02-19 mpl/gpu: Add MPL_gpu_ipc_handle_is_valid API
9e5b801052 2025-02-19 ch4/ipc: Validate cached GPU IPC handles
683bb74d43 2025-02-19 mpl/cuda: Use IPC handle validation instead of free hooks
b84fe89d2f 2025-02-24 mpl/hip: Use IPC handle validation instead of free hooks
52c9443492 2025-02-24 ch4/ipc: Add debug logging for sender ipc handle cache
4360325e26 2025-02-25 ch4/ipc: skip usage of initshm if local_size is 1
d0b305034e 2025-02-27 test/mpi/f08: switch to 'use mpi_f08' in util
bfcae94b6e 2025-02-27 mpl/ze: Implement MPL_gpu_ipc_handle_is_valid
9433e36f53 2025-02-26 mpl/ze: Fix bug in IPC handle creation
b565c83df9 2025-02-27 mpl/ze: Simplify cache cleanup when stale handle is detected
6cb771e5a5 2025-02-11 abi: sync mpi_abi.h
02e1706f07 2024-12-19 api: add handle to/from int conversion apis
09d4315c0e 2024-12-19 python: suppress missing error checking messages
53e79f1bcd 2025-02-11 abi: add MPI ABI-specific functions
af62fc2b1b 2025-02-11 binding/abi: implement MPI_Abi_get_info
a6db5442b6 2025-02-11 abi: disable MPI_LOGICALx for now
f860382d1f 2025-02-24 abi: check MPI_FILE_NULL in ABI File conversions
7a3f2a5ae7 2025-03-03 configure: check the case when long double is double
8f54a45ee1 2025-03-03 ch4/ofi: sort all nics before setting num_nics
f073893620 2025-03-04 datatype: avoid adding refcount for struct of pairtypes
cd5ede2676 2024-12-21 misc: spellchecks
5f278209b5 2024-12-20 test/runtests: capture stray output in run_mpitests
6bd373392b 2024-12-17 comm: add MPIR_comm_rank_to_lpid and make it inline
0325bd8a65 2024-12-16 group: add LPID macros
e1ace8bb36 2024-12-18 group: misc fixups for grouputil
ba00af3b13 2024-12-18 ch3: add ch3_vcrt to MPIR_Group
41c1830353 2024-12-19 ch3: shortcut tmp_comm used in MPI_Comm_accept/connect
5dc8895590 2024-12-18 ch3: use group to build vcrt instead of mapper
dd953e422d 2024-12-20 ch3: remove the isDisconnected arg from MPIDI_VCRT_Release
f32d4cc4d4 2024-12-20 comm: avoid creating invalid intercomm then destroy it
fcc937c7c0 2025-02-25 comm: whitespace clean up from the last commit
f6434a0336 2024-12-27 comm: refactor comm->is_tainted to comm->vcis_enabled
cd56d2f6f2 2024-12-27 vci: directly use MPIR_THREAD_VCI_REQUEST_POOL_MUTEXES
61a856d397 2024-12-27 ch4: delay setting multiple vcis until post_init
81d71481d7 2024-12-28 ch4: refactor vci init/finalize
6eb73f331a 2025-03-07 ch4: move MPIDI_Comm_set_vcis from post_init to comm post hook
0bd074fffd 2025-03-07 ch4/vci: refactor MPIDI_Comm_set_vcis
865cec2cae 2024-12-26 ch4: add netmod/shm API comm_set_vcis
5ec8ab4f62 2024-12-29 ch4: do multiple vci creations in MPIDI_Comm_set_vcis
482c631d41 2025-03-09 ch4: move vci info in DEBUG_SUMMARY to comm_set_vcis
085b237824 2025-03-10 ch4/rma: fix hard coded 0 for vci
d5c271e9e8 2025-03-11 all: spelling fixes
50eea8411d 2025-03-06 datatype: add MPIR_DATATYPE_ASSERT_BUILTIN
24e43be494 2025-03-06 all: replace external builtin types with internal types
1b6adee41a 2025-03-10 pt2pt/bsend: clean up in bsendutil.c
2d6608686e 2025-03-10 doc: add CHANGES on internal datatypes
de230a67af 2025-03-11 doc: add design doc Internal_Datatypes.md
687d875d21 2025-03-11 mpl/ze: call putIpcHandle only if the ptr is still valid allocation
5acc59605d 2025-03-12 ch4/shm: replace Init_shm usage in post_init
d1e3092e12 2025-03-06 abi: sync mpi_abi.h with upstream
1f8f4786f4 2025-03-06 abi: avoid -Wstringop-overread warnings
ad90f3fae3 2025-03-06 abi: remove MPI_Abi_is_supported
f44f0f9406 2025-03-06 abi: return MPI_ABI_[SUB]VERSION in MPI_Abi_get_version
7d421ac3d0 2025-03-06 binding/abi: skip f2c/c2f functions
846686741c 2025-03-06 abi: insolate internal Fint-related code from ABI
958fb26acd 2025-03-06 test: remove test of c2f/f2c functions under abi
5012e0870b 2025-03-07 binding/abi: pass MPI_FILE_NULL to internal
887cea84b7 2025-02-03 datatype: use separate functions for op-type validation
d6f3296956 2025-02-03 datatype: remove MPIR_Op_get_alt_datatype
c5e74d5cbf 2025-02-03 datatype: skip check_dtype in MPI_Type_match_size
33b20689b8 2025-02-03 op: remove _check_dtype routines
3a0e2a85b4 2025-02-04 op: cosolidate all op functions into op_fns.c
73a80c7b5c 2025-03-04 datatype: preserve internal type MPI_DATATYPE_NULL
be2a28df3e 2025-03-04 datatype: non-standard special type/op cases
96ce972c41 2025-03-14 datatype: check unavailable builtin-types in validation
b1c5d6510d 2025-03-13 datatype: Fix pack external by using the MPIR layer
075153d37c 2025-03-14 abi: set so version for libmpi_abi.so
9d41fd1250 2025-03-11 mpl/ze: Add debug logging for specialized ipc handle cache
cf5f247c8e 2025-03-20 mpi: update MPI_VERSION/MPI_SUBVERSION to 5.0
d2298b97ac 2025-03-13 ch4/ipc: default MPIR_CVAR_CH4_IPC_XPMEM_P2P_THRESHOLD to 64K
ad92d77210 2025-03-20 ch4/ipc: add MPIR_CVAR_CH4_IPC_XPMEM_P2P_UPPER_THRESHOLD
d032945d9f 2025-01-03 ch4/proc: use calloc to zero MPIDI_global.avt_mgr.av_table0
477718a492 2025-01-07 ch4/ofi: use both local and remote vci/nic in av_to_phys
5e2c277b51 2024-12-28 ch4/ofi: delay allocate addrs for multiple vci/nic
ac717dd3b1 2024-12-28 ch4/ofi: refactor vci-related initialization code
c4189eb04f 2025-03-09 ch4/ofi: expand set_sep_counters
076c509ee2 2024-12-29 ch4/ofi: gather vci init in MPIDI_OFI_vci_init
d6a1df7a5e 2024-12-29 ch4/ofi: delay setting MPIDI_OFI_global.num_nics
462e0fc1b3 2025-01-07 ch4/ofi: relax av insertion order of non-root vcis
77dae9381f 2025-03-12 ch4/ofi: remove redundant allgather in addr_exchange_all_ctx
fc11664050 2025-03-17 ch4/ofi: clean up MPIDI_OFI_AV_ADDR macros
a9a39dc67e 2025-03-21 test: update baseenv tests for MPI_VERSION
d6b745e5af 2025-01-23 mpi: add MPI_LOGICAL{1,2,4,8,16}
f8ae768537 2025-03-17 datatype: remove adding MPI_TYPECLASS_LOGICAL
0f9e6c312f 2025-01-31 mpi: add MPIX_BFLOAT16
db50fcdf87 2025-02-01 op: add software SUM support for MPIX_C_FLOAT16
7d24ccf08a 2025-01-31 test: add allreduce test of MPIX_BFLOAT16
e39ebe063d 2025-03-17 doc: update CHANGES for adding MPI_LOGICAL1 etc.
6f85fd79ad 2025-03-18 datatype: complete cases in MPIR_Datatype_builtintype_alignment
24b0df3d1c 2025-03-18 configure: systematically configure internal types
5f7721cf44 2025-03-18 datatype: cleanup usage of internal types
ae6ba670eb 2025-03-19 configure: disable fortran datatypes if fortran is disabled
57a0702006 2025-03-20 datatype: add missing cases for MPIR_FORTRAN_LOGICALs
e2b6f0453a 2025-03-25 ch4: remove netmod api init_vcis
bb5d7a0639 2025-03-25 ch4/ipc: move MPIDI_IPCI_is_repeat_addr to globals.c
c911252046 2025-03-25 ch4/ipc: add count to MPIDI_IPCI_is_repeat_addr
6da42ca60c 2025-03-25 ch4/xpmem: only use xpmem ipc_send for repeated addr
5a27aec694 2025-03-26 typerep: Call device commit hook when unflattening type
3a4f0cffa2 2025-01-05 ch4/ucx: move multivci code to ucx_vci.c
4dea369fa1 2025-03-24 ch4: remove the usage of MPIDI_global.is_initialized
14d4ada688 2024-12-29 ch4/shm: refactor iqueue shmem allocation
3d4ee337e8 2024-12-29 ch4/shm: move vci setup from post_init to set_vcis
1e90bb0d91 2025-01-08 mpid/shm: remove MPIDU_shm_seg_t and refactor
a7a561809c 2024-12-30 init_shm: add MPIDU_Init_shm_comm_alloc
8b52d55da7 2024-12-30 posix/iqueue: support comm_set_vcis
c2da5f40b4 2024-12-23 mpir: split lpid headers to mpir_lpid.h
e830ac111b 2024-12-24 group: use MPIR_Group_lpid_to_rank in MPIR_Group_check_subset
051b791f24 2024-12-24 group: simplify strided pmap by removing blocksize
b4c0411f5c 2024-12-24 group: remove pmap->size
2c73d5d1e4 2024-12-24 ch3: return error code in create_vcrt_from_group
53d811fa4b 2024-12-22 mpid: remove unused MPID_INTERCOMM_NO_DYNPROC
6236d47d16 2024-12-17 ch4: add MPIDIU_lpid_to_av and MPIDIU_lpid_to_av_slow
483c1612f5 2024-12-17 ch4: re-implement MPIDIU_comm_rank_to_av
db12f3426d 2024-12-17 ch4: add utils to support dynamic av
226ee9b06d 2024-12-12 ch4: new netmod api to support dynamic processes
4b4239b3e5 2024-12-16 ADI/comm: exchange context_id in MPID_Intercomm_exchange
033520222a 2024-12-18 ADI: remove MPID_Comm_get_lpid
6e9cce03ec 2025-03-21 comm: temporary replacement code for determine_low_group
c80ccaf976 2025-03-22 ch4/spawn: enter lock in ch4-layer for dynamic apis
90b9564b69 2025-03-31 doc: update CHANGES for new process addressing design
7c70154d41 2024-12-16 ch4: refactor MPID_Intercomm_exchange
6efabea24a 2024-12-17 ch4: refactor ch4_spawn
97230918f7 2024-12-18 comm: remove mapper
7792d9f9b9 2024-12-20 ch4: remove MPIDI_rank_map_t
9d3aea66a4 2024-12-20 ch4: rewrite MPIDIU_rank_to_lpid
41e3d1bbbb 2024-12-20 ch4: remove MPIDIU_comm_rank_to_pid
9abc679e4d 2024-12-22 ch4: track lpid in upid_hash
6d7088e8e2 2024-12-22 ch4: remove netmod api upids_to_lpids
cd1c735562 2024-12-23 ch4: replace MPIDIU_get_av
3b3e8c51ce 2024-12-24 ch4/ofi: add a way to tell whether an av entry is empty
296d27e5fb 2025-03-31 ch4/ofi: improve the readability of MPIDI_OFI_insert_upid
26cbb41811 2024-12-25 ch4: remove av table ref_count
327593a27e 2025-03-18 ch4: remove unused lock in struct MPIDI_per_vci
6799c4d890 2025-03-23 Revert "comm: temporary replacement code for determine_low_group"
9b405c0688 2025-03-24 test: enable spawn tests for ch4:ucx
2b7a99563e 2025-03-24 ch4/ucx: fixups in ucx_spawn.c
2b84634430 2025-03-31 ch4/ucx: remove a leftover declaration
a055063e96 2023-04-20 Add more hints to default list of hints
683beec942 2025-04-01 remove a bunch of obsolete platform specific stuff
2724657605 2025-04-03 ch3: MPID_Get_node_id not to depend on vcr_table
a0a5be6d8c 2025-04-03 ch3: use MPIR_Get_intranode_rank rather than intranode_table
75f0b1dc6d 2025-04-03 ch4: use MPIR_Get_intranode_rank rather than intranode_table
b630cf9fbd 2025-04-02 comm: refactor MPIR_Subcomm_create/free
0bee339285 2025-04-06 comm: propagate vci settings to subcomm after post_hook
128936a309 2025-04-01 comm: refactor check_hierarchy
3100760307 2025-04-02 comm: remove MPIR_Find_{local,external} etc.
70f4621bc8 2025-04-01 ch4/comm: clean up MPIDI_Comm_create_multi_leaders
b518764628 2025-04-02 comm: add comm->attr and MPIR_COMM_ATTR__HIERARCHY
929b724df3 2025-04-02 comm: add MPIR_COMM_ATTR__SUBCOMM
75b82302ae 2025-04-03 comm: rearrange MPIR_Comm fields
a2f98d13bd 2025-04-05 comm: add hierarchy_flags
90bd72db65 2025-04-03 comm: remove comm->hierarchy_kind
61688644f4 2025-04-02 comm: refactor comm hierarchical checking routines
2d0c1a4f09 2025-04-02 coll/csel: check MPIR_COMM_ATTR_HIERARCHY
9d604ba7e0 2025-04-05 comm: avoid storing rank tables for canonical comm
7a39b93463 2025-04-07 comm: add MPIR_Comm_get_{node,node_roots}_comm
8757072ffa 2025-04-07 init: Check builtin comms exist in MPII_Init_thread
13720672d0 2025-04-07 ch4/posix: use MPIR_Comm_get_node_comm in post_hook
e5de5d446f 2025-04-07 doc: add entries on hierarchy and subcomm in CHANGES
cd9e2c18ef 2025-04-08 comm: do not call MPII_COMML_REMEMBER for subcomm
c1af5ce839 2025-04-08 configure: set enable_nolocal when with_ch4_shmmods is no
24fb82a15f 2025-04-08 mpid/shm: add MPIDU_Init_shm_atomic_ for ENABLE_NO_LOCAL
19628cb44f 2025-04-06 ch4/posix: move coll_init into MPIDI_POSIX_init_local
90502a9e07 2025-04-06 comm: create subcomms before MPID_Comm_commit_post_hook
f07b5a3af6 2025-04-08 comm: set csel_comm to NULL in MPII_Comm_init
dbe3da76b9 2025-04-01 coll: add allgather_intra_smp_no_order algorithm
729d0b00da 2025-04-07 coll: optimize MPIR_Allgather_intra_smp_no_order
6dd05f8a7b 2025-04-02 coll: fallback in auto algorithm when comm_csel is unset
c777d05585 2025-03-31 ch4: run SHM before NM for comm_commit_pre_hook
ee2edd9d54 2025-04-01 ch4/ofi: revise macro MPIDI_OFI_AV_IS_UNSET
3632f1da84 2025-04-01 ch4/ofi: add MPIDI_OFI_comm_addr_exchange
713f931695 2025-04-01 ch4/ofi: call MPIDI_OFI_comm_addr_exchange in world_init
dc2086022e 2025-04-07 ch4/ofi: insert local av in MPIDI_OFI_init_local
98f1518c06 2025-04-07 ch4/ofi: skip ofi_initialized if world size is 1
ac37d0e41c 2025-04-07 ch4/ofi: use actual size in MPIDI_OFI_get_local_upids
f573ee6ad4 2025-04-07 ch4/ofi: cleanup unused fields in MPIDI_OFI_global
2a035fa586 2025-04-02 ch4/ucx: add MPIDI_UCX_comm_addr_exchange
b081590ab9 2025-04-07 ch4/ucx: insert self address before addr_exchange
9138e1f830 2025-04-08 ch4/ucx: check whether av is set in finalize
5b76ee33cc 2025-04-07 mpid/common: remove src/mpid/common/bc
878333cf57 2025-04-07 ch4: remove init_comm
3d870bdabb 2025-04-10 ch4/progress: do not skip netmod under global progress
892d830226 2025-04-11 configure: use AC_LINK_IFELSE to check __fp16
7ec56342d5 2025-04-14 abi: sync mpi_abi.h
41eabb66f5 2025-04-14 abi: add MPI_ERR_ABI
0861deb126 2025-04-14 abi: update MPI_Abi_get_info, add MPI_Abi_get_fortran_info
58dc7ae95e 2025-04-15 ch4: fix wrong initialization of MPIDI_global.n_reserved_vcis
0ba0c5350e 2025-04-16 binding/c: suppress warning on unused fn_fail label
aafc11ba72 2025-03-05 ch4/ipc: Replace mapped GPU IPC handle cache
a9c3477daf 2025-03-06 ch4/ipc: Replace GPU IPC handle cache
b5584fae55 2025-03-11 ch4/ipc: Implement GPU IPC sender handle cleanup
e519bc5621 2025-03-10 ch4/ipc: Remove syncflag from IPC send signature
1c42d52345 2025-03-14 ch4/ipc: Check errors when completing request
e2e3d32718 2025-03-11 ch4/ipc: Move check for MPI_BOTTOM up a level
dad88d3c67 2025-03-14 ch4/ipc: Remove cached pointer to node group
60be96fc5e 2025-03-17 ch4/ipc: Move receive handling code directly into callback
cf21f1022f 2025-04-16 ch4/ipc: Remove GPU global_max_dev_id
c4f8dffcac 2025-04-16 ch4/ipc: Simplify condition for unmapping GPU IPC handles
c062454a95 2025-04-14 mpir/pmi: do not skip MPIR_pmi_barrier in MPIR_pmi_allgather
5863c0b1f1 2025-04-16 datatype: set default datatype alignment
265f48bf6d 2025-04-17 ch4/vci: allgather the number of both implicit and total vcis
09f538a406 2025-04-15 maint: Include .inc files in extracterrmsgs
cadc609847 2025-04-15 mpir/pmi: Do not always assume singleton if PMIx_Init fails
0abe6735a4 2025-04-19 ch4/gpu: suppress bogus warning on memset
ad63abfc66 2025-04-04 doc: add documentation for multiple features tuning params
7dab6203fe 2025-04-15 mpl/ze: refactor device mappings
d6bda796c3 2025-04-15 mpl/gpu: remove MPL_gpu_init_device_mappings
1ded2e068f 2025-04-18 mpl/ze: cleanup affinity mask routines
9280639a61 2025-04-18 mpl/ze: cleanup naming of global_{dev,subdev}_count
03afdeaeac 2025-04-24 ch4/gpu: remove unused fn_fail labels in gpu_post.c
183786a6df 2025-04-09 mpl: configure check POSIX shared memory
f396a6d368 2025-04-09 mpl: add mpl_initshm interface
14feed1d3a 2025-04-09 ch4: remove MPIDI_{SHM,NM}_init_world
aa61be6a4c 2025-04-14 ch4/xpmem: MPIDI_XPMEM_comm_bootstrap not assuming comm_world
32997381ba 2025-04-18 ch4/gpu: remove init_shm collective getting max_dev_id
031c77bcaa 2025-04-18 ch4/shm: add MPIDI_SHM_global and local_ranks table
a89dd8556a 2025-04-20 ch4/ipc/gpu: replace fd init with MPIDI_FD_comm_bootstrap
8575d5f628 2025-04-20 ch4/ipc_fd: remove init_hook and finalize_hook
dbaa62747b 2025-04-20 ch4/ipc_fd: replace the context to node_comm
f9ce10034b 2025-04-19 ch4/ipc_fd: cleanup MPIDI_IPCI_global_fd_pids
307303a53c 2025-04-19 ch4/ipc_fd: cleanup MPIDI_IPCI_global_fd_socks
9a2baeb8a4 2025-04-19 ch4/ipc_fd: cleanup
3b1c75fbed 2025-04-20 ch4/gpu: refactor MPIDI_GPU_comm_bootstrap
bb3b32ba1f 2025-04-20 ch4/posix: generate eager api boilerplates
884e0c3fac 2025-04-20 ch4/posix: add eager API shm_size and shm_vci_size
dfc8075b44 2025-04-20 ch4/posix: allocate eager slab in posix-layer
15d62f78c8 2025-04-20 ch4/posix: replace MPIDU_Init_shm usages
db807637a1 2025-04-20 ch4: remove MPIDI_global.is_initialized
070b3b5577 2025-04-20 ch4/posix: move allgather of topo to comm_commit_hook
adb059066d 2025-04-20 ch4: remove world pre_init and post_init
374038f3fd 2025-04-22 ch4/posix: do not skip bootstrap if local_size is 1
0b3450336f 2025-04-22 pmi: Return an error if incompatible launcher detected
bdc1bf37fc 2025-04-24 test/runtests: do not check stray_output in TestStatus
1fb713bfec 2025-04-24 test: xfail some pmix spawn tests
3a0c2db2db 2025-04-24 mpl/gpu: fix debug logging class for ZE
cac96b5e53 2025-04-24 ch4/shm: remove duplication of slab_size
1b733493f8 2025-04-28 mpir/pmix: picking PMIX_PREFIX fix from psmpi
b48e3af77f 2025-04-28 Partially Revert "test: xfail some pmix spawn tests"
7e87562555 2025-04-30 hydra/mpiexec: fix segfaults when no executable provided
36d30eb83c 2025-04-29 Update Frequently_Asked_Questions.md
60a5486d79 2025-03-28 pmi: skip optional attributes in pmi command
d383c9f5a5 2025-03-30 pmi: internally track PMI server versions
8f5ad407b6 2025-03-27 pmi: PMI version 1.2 to support PMI_Barrier_group
1c54e50f04 2025-03-30 pmi: query with version 1.1 for backward compatibility
8a1caf4e2b 2025-03-30 hydra: accept PMI 1.2
b0e4b16583 2025-03-30 hydra/proxy: add local/global rank conversion functions
30c5aaf2ce 2025-03-30 hydra/mpiexec: store min_node_id in pg for proxy lookup
4c2a5032d4 2025-03-27 hydra: support group-level PMI_Barrier
60febd9433 2025-03-30 pmi: add example barrier_group.c
b689f65f1e 2025-04-22 pmi: support procs array in PMIx_Fence
8f6801f07c 2025-04-21 mpir/pmi: add MPIR_pmi_allgather_group
e95481dadb 2025-04-21 ch4: use MPIR_pmi_allgather_group in comm_addr_exchange
b8cb712a98 2025-04-29 test/threads/part: rename mt variant of parrived_wait to avoid name clash
ef6de6ad85 2025-05-01 hydra: fix singleton init
e6ec6b6fe6 2025-05-01 all: remove icomm_world
75aa114e0e 2025-05-01 yaksa: Skip CUDA initialization if no devices present
37a1cfbbec 2025-05-01 yaksa: Skip HIP initialization if no devices present
36f842bc92 2025-05-01 mpl/hip: Skip HIP initialization if no devices present
ca542e55f4 2025-05-01 mpl/ze: Skip ZE initialization if no devices present
8046634a59 2025-05-01 ch4/ipc: Check MPIR_CVAR_ENABLE_GPU during initialization
bc22a0ea34 2025-05-01 gforker: silence -Wformat-truncation warning
34e72d962c 2025-05-01 pm/gforker: allow -v option
95b8bc2d6a 2025-05-02 pm/gforker: only check PMI major version in server
07aae2bc94 2025-04-16 cvar: add alias of MPIR_CVAR_PROGRESS_TIMEOUT
7d32c5b0c0 2025-03-13 ch4/ofi: default MPIR_CVAR_CH4_OFI_MAX_NICS to 1
5fda075fae 2025-05-02 ch4/ofi: Skip FI_INT128 support if not available
563cd3a8a5 2025-05-03 mpir/pmi1: use stub error_msg in MPIR_pmi_abort
cf7ba4a22e 2025-05-04 pmi: do not make exitcode optional in PMI Abort
73236e222d 2025-04-20 confdb: add __int128 in get_c_int_type
44d53984ed 2025-04-20 confdb: remove unused function to_hex and to_dec
604324cdbf 2025-03-27 mpl: Always do compile-time and runtime check for SSE2, AVX, AVX512F
f0660c9f76 2025-03-28 configure: updating instruction set related fast options
46b6d7b241 2025-04-01 mpl: remove the SSE2 version of stream memcpy
312f7e30dc 2025-04-01 mpl/gpu: remove redundant implementation of GPU copy
c08a3bf5c1 2025-04-01 mpl: add AVX512F version of stream memcpy
2b42d72efb 2025-04-16 maint: ignore generated files
16d7fba5ce 2025-04-16 mpl: add runtime check of CPU features
aa8ccfac54 2025-04-18 mpl: refactor AVX-based memcpy
d5b5cee606 2025-04-23 configure: add report on configure flags and CFLAGS
a28401788d 2025-05-05 Update changes for AVX, AVX512 rework
243377ba07 2025-05-06 pm/gforker: set MAXVALLEN to 1024
abc215cef0 2025-05-01 ch4/xpmem: fix xpmem_init
592d71cb53 2025-05-02 ch4/posix: fix neglected setting init_shm_initialized
d62047b580 2025-05-02 mpl/config: use AC_SEARCH_LIBS for checking shm_open
c85cd6412d 2024-09-24 ch4/posix: making topology aware SHM default to enabled
cbc3c82d87 2025-05-08 comm: fix memleak in init related to collective init
1b0fe0b2ec 2025-05-16 env: Install mpixxx_opts.conf file
f1d88f8c59 2025-05-19 env: Add --help and -h options for help text in wrappers
244aef7c10 2025-04-25 ch4: Add collective selection debug summary
f6b9031f06 2025-05-27 Revert "env: Add --help and -h options for help text in wrappers"
87b221ab7a 2025-02-07 coll: NCCL Allreduce Backend
ef3bfb7adf 2025-05-29 test: add tests for NCCL integration
f20390fbef 2025-05-28 mpl/shm: Fix race in MPL_initshm_open
f41e95501d 2025-05-30 mpl/shm: Fix error checking for shm_open
e82b90d866 2025-06-03 maint/python: Fix info_hints.py if files are processed in batches
27237da4ba 2025-05-13 coll: Remove stray comment
082105bb33 2025-05-14 coll: Remove redundant header includes
019c12d437 2025-05-13 coll: Use threadcomm macro
2ec5d7885e 2025-05-13 coll: Always do pof2 calculations on the fly
13f8fef144 2025-05-14 comm: Add MPIR_COMM_RANK_SIZE macro
84d0a2de0a 2025-05-15 coll: More use of MPIR_COMM_RANK_SIZE
e1d79848d5 2025-05-28 test: fix wrong displs coll_large.c
5588d6e909 2025-05-28 test: use MPI_SIGNED_CHAR in coll_large.c
da56e5e762 2025-05-28 test: fix noncontig test in coll_large.c
0208d98526 2025-05-28 test: add noncontig small count coll_large tests
31924b7a78 2025-05-29 test: use MPI_Op_create_c in coll_large
bfcdbd6a31 2025-05-29 doc: add notes to MPI_Op_create_c
67651a4515 2025-06-06 draft
5d6583d9b9 2025-06-06 mpi/session: Fixup whitespace
83cd099c5e 2025-06-06 misc: Replace sprintf usage with snprintf
1039d07c3f 2025-06-05 ch4: move MPIR_nodeid_init into MPID_InitCompleted
89a2ef4aef 2025-06-06 mpir/nodemap: make MPIR_Process.node_hostnames optional
c7a2aad05d 2025-06-11 mpir/pmi: fix bad static assertion
96b6656578 2025-06-12 bcast
249ed0ed1a 2025-06-16 ch3: ignore CONN_STATE_DISCARD in _handle_connect_event
b297761a4d 2025-05-29 pmi: deprecated PMI 2
65d0317875 2025-06-10 pmi: remove MPIR_pmi_set_threaded and PMI2_Set_threaded
8ba474898e 2025-06-10 pmi: remove thread CS in PMIU_cmd_read and PMIU_cmd_send
80503d3ebf 2025-05-30 pmi: set PMIU_is_threaded in pmi_v1
4780eb6990 2025-06-04 hydra: server/proxy internal command use process_fd=-1
1d1f462ecc 2025-05-30 pmi: modify BARRIER protocol to support multithread
c48ff6a5c3 2025-05-30 pmi: add support routines for nonblocking barriers
9342c630d2 2025-06-02 pmi/v1: support multithread in PMI_Barrier_group
31b21b98ad 2025-06-06 mpir/pmi: add stringtag to MPIR_pmi_barrier_group
3cd92f2e75 2025-06-04 hydra: implement the new PMI barrier semantics
c2f217d177 2025-06-10 pmi/examples: add example barrier_group_thread.c
02a63aa329 2025-06-09 pmi: do not add 1 to cmd_len in PMIU_read_cmd
b661404e8c 2025-06-10 pmi: alias PMI_Barrier to PMI_Barrier_group
b62537175e 2025-06-10 doc: update entries in CHANGES
7c4f1b3541 2025-06-10 mpir/pmix: use PMIx_Fence_nb to add thread support
e5d955f67f 2025-06-10 pmi/pmix: add PMIx_Fence_nb and PMIx_Progress stubs
89b3065651 2025-06-18 working broadcast
bcdd6413bc 2025-06-16 ch4/release_gather: Check for shm buffer before free
f472a653a1 2025-06-19 doc: Remove RELEASE_NOTES
bd3acbfc1f 2025-06-19 fixed-chunk broadcast
9f46b47d94 2025-06-19 Revert "Merge pull request #7466 from seenry/cga/all_reduce_vring"
50da3ef5cf 2025-06-06 windows/compiler-warning: GetCurrentThreadId() returns an unsigned long.
6b881bb42f 2025-06-10 ch4/ipc: Bypass csel collective selection during bootstrap
1e9c11ffc5 2025-06-03 mpl/ze: Print error information when failure is detected
4e4c4c5940 2025-06-11 yaksa: Update error output to match MPL
d845e5d379 2025-05-12 session: default thread_level to MPI_THREAD_MULTIPLE
69aad7ba2d 2025-05-13 session: whitespace fix
cc0c1af74f 2025-05-13 session: init with the user requested thread_level
a62273b22d 2025-05-16 session: remove per-session thread_level
4a672f4f67 2025-05-19 session: set default thread_level in MPI_Session_init
8e4f19fbac 2025-05-28 doc: document default thread level in MPI_Session_init
f69ce21cae 2025-06-23 mpl: Fix undef for malloc/free
cbc1638488 2025-06-23 mpir/pmi: Fix signatures of dummy group barrier functions
0d572f4e7d 2025-06-23 gcc-13.3 warnings/errors on Aurora
6022422ccb 2025-06-24 ensure signed to unsigned casting won't surprise us
7858da7398 2025-06-24 mpir/pmi: Fix signatures of group barrier functions (again)
12dd8a4a47 2025-06-24 mpl: compile-time check AVX512F support for `__builtin_cpu_supports`
3ef27a3a70 2025-06-25 f08: fix broken string conversion
583b9b2dfc 2025-06-17 misc/ze: add thread-safety for ZE memcpy routines
9df8162e7e 2025-06-26 pmi: fallback to PMI_Barrier when applicable
ace57f0d86 2025-06-26 pmi: only enable PMIU_is_threaded for PMI 1.2 and above
90a74400b1 2025-06-26 misc/ze: missing declaration MPIR_THREAD_VCI_GPU_MUTEX
f262c25b19 2025-06-27 ch4/ucx: fix threaded check
aa5ddc67ac 2025-06-26 ch4/ofi: don't use deprecated macros for newer versions of libfabric
ade6974776 2025-06-27 ch4/ofi: don't change between `FI_ORDER_NONE` and 0 for message order
903bd9abb2 2025-06-27 ch4/posix: fix posix eager inline
62fc8095a3 2025-06-27 ch4/shm: redefine MPIDI_SHM_global to MPIDI_global.shm
564bc5c3a1 2025-06-27 binding/abi: fix declaration for HAVE_WEAK_ATTRIBUTE
ad8082ba34 2025-07-01 fixup! binding/abi: fix declaration for HAVE_WEAK_ATTRIBUTE
fa64f3ec16 2025-06-24 coll: redefine MPIR_errflag_t
acbbffae01 2025-06-24 misc: add MPIR_COLL_ATTR_SYNC for internal collectives
f3398a45bd 2025-06-24 ch4/ofi: avoid inject during init
6733c9d354 2025-06-24 coll: use MPIR_COLL_ATTR_HAS_ERR to test errflag
769bf8e31e 2025-06-26 ch4/ofi: flush_send_queue in comm_free_hook
b9dba0cf93 2025-06-27 misc: redefine MPIR_Errflag_t as int
16d09a932b 2025-06-27 all: rename errflag variable names
156593a68d 2025-07-01 coll: remove unused coll_attr variable
a94e69c563 2025-07-02 doc: update CHANGES for coll_attr
c2afda48d8 2025-06-13 romio: fix quobyte build error
0e59419890 2025-07-07 mpir/pmi: fix a bug in getting fabric coordinates
70dedf9027 2025-06-27 mpir/pmi: Remove support for internal PMIx
b37c214a74 2025-06-27 pmi: Remove PMIx implementation
0f51887c08 2025-04-23 coll: shortcut in MPIR_Allgather_intra_smp_no_order
ba74472f78 2025-04-30 session: set errhandler in MPIR_Session_init_impl
9897ffe577 2025-03-21 session: implement psets per session
17be59fb7b 2025-04-07 comm: add MPIR_COMM_ATTR__BOOTSTRAP
2706cd38b2 2025-04-22 ch4/ofi: remove comm_world from MPIDI_OFI_comm_set_vcis
38ea0241bb 2025-04-22 ch4/ipc_win: remove unreferenced ranks_in_shm_grp
a90f26ff52 2025-04-22 ch4/mpidig_win: do not assume comm_world exist
180eb99dc5 2025-04-22 ch4: comm_world is no longer special
bb03b7cdd3 2025-04-22 comm: reserve MPIR_CTXID_BOOTSTRAP
4aa86fc5e4 2025-04-22 comm: re-implement MPIR_Comm_create_from_group_impl
317e52018d 2025-04-23 comm: MPI_Intercomm_create_from_groups without comm_world
2f2f4b3441 2025-06-10 misc: support stringtag in comm bootstrapping
e8c84bf81d 2025-06-18 mpid: add MPID_SESSION_USE_WORLD
11895ac0c9 2025-04-23 test: add test session/session_4x4
b668ab41d2 2025-04-23 test: add test for MPI_Intercomm_create_from_groups
1283703be0 2025-05-16 test: remove dependency on MPI_COMM_WORLD in MTestGetIntercomm
26bcc46c68 2025-05-13 comm: fix memory error in create_peer_comm
ccbf8c7039 2025-05-13 session: check ref_count in MPIR_Session_finalize_impl
5dfb5c5673 2025-06-05 mpir/pmi: add MPIR_CVAR_PMI_DISABLE_GROUP
4c56c2c4ee 2025-06-19 pmi/v1: reserve enough space for group string
a3806a970f 2025-06-19 pmi: fix a memory leak in cmd_read_expect
aed8d2012b 2025-06-21 Revert "comm: reserve MPIR_CTXID_BOOTSTRAP"
a727203227 2025-06-21 comm: use unique dynamic context_id in comm bootstrap
598a05c0f9 2025-06-22 session: missing global CS in session_init
864c2c6013 2025-06-22 hydra: suppress warnings freeing barrier name
fb4db6bee2 2025-06-26 shm: fix initshm unlinking
ed1c554a36 2025-07-08 mpir/pmix: do not call explicit PMIx_Progress
9d7d77388a 2025-07-11 ch4/ofi: add thread CS in MPIDI_OFI_flush_send_queue
7dd97babab 2025-07-11 ch4/ofi: refactor MPIDI_OFI_flush_send_queue
2729188ba3 2025-07-11 ch4: use fallback collectives during init or bootstrap
2c1be81ccd 2025-07-11 ch4: fix am_fallback_recv
8fe32eba2d 2025-06-24 coll: Use standard allreduce tag in blocking algorithms
6b9e846d79 2025-06-26 coll: Use more concise error checking macros
4097039371 2025-06-26 coll: Use MPI_Aint for datatype size or extent
f96e18525a 2025-07-14 coll: Remove unnecessary header include
c0b2a88ce4 2025-07-03 ch4/ofi: fix potential mismatch in dynamic_sendrecv
97f1143008 2025-07-11 ch4/ofi: move and group static routines
6f4d970778 2025-07-11 ch4/ofi: separate the tag space in dynamic send/recv
9646a5bee3 2025-07-10 pm/hydra: Add support for -report-bindings flag
f82308bdfe 2025-07-11 pm/hydra: Make process bindings output standalone
88a697226c 2025-07-07 test/bench: add p2p_one
2c495acf25 2025-07-07 ch4/ipc/cma: fix calculation of data_sz
2c103b6e9a 2025-07-02 ch4/ipc: refactor filling ipc header
974beb5739 2025-07-07 ch4/ipc: pass ipc_attr by pointer in MPIDI_IPCI_send_lmt
93bff4271f 2025-07-07 ch4/ipc: add req to MPIDI_GPU_fill_ipc_handle
3fc65c6974 2025-07-03 ch4/ipc: extend ipc with ipc write
99922b3ab3 2025-07-07 ch4/ipc: refactor request fields for ipc
d7132afcec 2025-07-07 ch4/ipc: add IPC write path in generic RNDV
5fe26268a2 2025-07-10 fixup! test/bench: add p2p_one
4988e66f50 2025-07-18 genq: fix gpu register of shmem slab with wrong size
de0d4828f3 2025-07-18 ch4/ofi: fix leak of critical sections in flush_send_queue
d01509123d 2025-06-24 romio/gpfs: fix a datatype to avoid integer overflow
46baf30c55 2025-07-14 comm/session: use comm_world if MPIR_CVAR_PMI_DISABLE_GROUP
f105d6e652 2025-07-22 ch4/xpmem: check MPIR_CVAR_CH4_XPMEM_ENABLE in comm_bootstrap
5d69e15e64 2025-07-21 ch4/ipc: fix typo in MPIDI_GPU_write_data_async
516f8d304f 2025-07-14 test/gpu: remove setting MPIR_CVAR_ENABLE_GPU
13d854d692 2025-07-18 test: fix test memory_alloc_kinds
02c1bb74d8 2025-07-18 Revert "test/runtests: add gpu attribute for individual tests"
c450d931d5 2025-07-18 ch4/ipc: fix missing fields in IPC write
88a2f04967 2025-07-28 pmi: rename `PMIU_is_threaded` to `PMIU_supports_threading`
d56c67d70f 2025-07-28 pmi: fix assertion on `PMIU_CS_ENTER` with `MPL_THREAD_PACKAGE_NONE`
2296b66e05 2025-08-06 ch4/ipc: Set locality of ipc rendezvous request
ec37d1c74f 2024-12-02 submodule: Update UCX to v1.19.0
db46cfc9ad 2025-08-07 yaksa: fix incompatibilities with CUDA 13 runtime API
f40723a40a 2025-08-11 mpl: Improve local host detection
383e1a1d6a 2025-07-30 mpir_pmi: add auto-detection of PMI version 1,2,x at runtime.
83c837bf2b 2025-07-22 test: add `testlist.bench` performance tests
dc545fa46f 2025-07-29 test: add `hasgpu=?` library requirement flag to `runtests`
529ff883a8 2025-08-13 test: document `hasgpu=?`
de2abab67d 2025-08-18 pmi/v1: close stdin before exec mpiexec in singleton
0783181d52 2025-08-19 pm/hydra: Pass proxy structs by reference to launch functions
fb5ee25836 2025-08-19 pm/hydra: Use realloc to grow fd_list
6f3bf4c3ab 2025-08-07 test/bench: adapt p2p tests to multi-pair tests
005451f432 2025-08-07 test/bench: add p2p_self test
2e75378bfe 2024-01-31 misc: add MPIR_async_test
74630f4541 2025-08-04 ch4/ofi: create general pipeline chunk pools
3f25663b63 2025-08-06 ch4/ofi: wrap initialization of per-vci struct
9213ff5342 2025-08-09 ch4/ofi: make MPIDI_OFI_request_t a union
0a30064a6a 2025-08-04 ch4/ofi: add MPIR_CVAR_CH4_OFI_RNDV_PROTOCOL
255ad49f47 2025-08-07 ch4/ofi: add MPIDI_OFI_RNDV_{send,recv}_hdr
70e6d15a27 2025-08-04 ch4/ofi: avoid posting large buffer in recv
7bdf40b683 2025-08-01 ch4/ofi: add rndv pipeline protocol
d12c93b0db 2025-08-06 ch4/ofi: add rndv read protocol
228e722516 2025-08-08 ch4/ofi: add rndv write protocol
b7d35ce2b1 2025-08-06 ch4/ofi: remove the old gpu pipeline code
a80ced9eb2 2025-08-06 ch4/ofi: remove the huge protocol
b5fec2309a 2025-08-08 ch4/ofi: removing leftover constants
6acf08b597 2025-08-06 ch4/ofi: remove MPIR_CVAR_CH4_OFI_EAGER_MAX_MSG_SIZE
d649898880 2025-08-06 ch4/ofi: fix warnings in MPIDI_NM_progress
561710fc1e 2025-08-08 ch4/ofi: refactor and implement rndv auto selection
9630d425d2 2025-08-09 ch4/ofi: synchronize remote_data_sz in rndv protocols
551c238572 2025-08-09 ch4/ofi: avoid overwriting rndv fields
f634d9079b 2025-08-11 ch4/ofi: fix thread critical sections in rndv algorithms
e1a40a89b7 2025-08-10 test: add tests to cover ofi rndv protocols
033552674a 2025-08-18 ch4/ofi: fix MPIDI_OFI_rndv_need_pack for reg_host
f4b1e3e1ab 2025-08-20 ch4/ofi: fix noinline build
5e8794dc10 2025-08-20 ch4: pass rreq to MPIDI_NM_am_can_do_tag
